<?xml version="1.0" encoding="UTF-8"?>
<!-- Generated by org.testng.reporters.JUnitXMLReporter -->
<testsuite hostname="ESRPA" ignored="0" name="Default test" tests="4" failures="0" timestamp="15 Sep 2019 13:05:33 GMT" time="51.517" errors="0">
  <testcase name="landingpageVerification" time="4.13" classname="ca.spinco.SpincoSignUpPageTest"/>
  <testcase name="login_RegisterPageVerification" time="0.945" classname="ca.spinco.SpincoSignUpPageTest"/>
  <testcase name="signUp" time="3.638" classname="ca.spinco.SpincoSignUpPageTest"/>
  <testcase name="signIn" time="1.379" classname="ca.spinco.SpincoSignUpPageTest"/>
</testsuite> <!-- Default test -->
