<?xml version="1.0" encoding="UTF-8"?>
<testsuite xmlns:xsi="http://www.w3.org/2001/XMLSchema-instance" xsi:noNamespaceSchemaLocation="https://maven.apache.org/surefire/maven-surefire-plugin/xsd/surefire-test-report-3.0.xsd" version="3.0" name="TestSuite" time="123.136" tests="6" errors="0" skipped="5" failures="1">
  <properties>
[...]
</properties>
  <testcase name="setUp" classname="ca.spinco.SpincoSignUpPageTest" time="119.39">
    <failure message="Timed out waiting for driver server to start.&#10;Build info: version: &apos;3.141.5&apos;, revision: &apos;d54ebd709a&apos;, time: &apos;2018-11-06T11:42:16&apos;&#10;System info: host: &apos;ESRPA&apos;, ip: &apos;192.168.0.131&apos;, os.name: &apos;Windows 8.1&apos;, os.arch: &apos;amd64&apos;, os.version: &apos;6.3&apos;, java.version: &apos;1.8.0_211&apos;&#10;Driver info: driver.version: ChromeDriver" type="org.openqa.selenium.WebDriverException">org.openqa.selenium.WebDriverException: 
Timed out waiting for driver server to start.
Build info: version: '3.141.5', revision: 'd54ebd709a', time: '2018-11-06T11:42:16'
System info: host: 'ESRPA', ip: '192.168.0.131', os.name: 'Windows 8.1', os.arch: 'amd64', os.version: '6.3', java.version: '1.8.0_211'
Driver info: driver.version: ChromeDriver
	at ca.spinco.SpincoSignUpPageTest.setUp(SpincoSignUpPageTest.java:45)
Caused by: org.openqa.selenium.net.UrlChecker$TimeoutException: Timed out waiting for [http://localhost:2502/status] to be available after 20001 ms
	at ca.spinco.SpincoSignUpPageTest.setUp(SpincoSignUpPageTest.java:45)
Caused by: java.util.concurrent.TimeoutException
	at ca.spinco.SpincoSignUpPageTest.setUp(SpincoSignUpPageTest.java:45)
</failure>
    <system-err><![CDATA[[main] INFO io.github.bonigarcia.wdm.WebDriverManager - Using chromedriver 76.0.3809.126 (since Google Chrome 76 is installed in your machine)
[main] INFO io.github.bonigarcia.wdm.WebDriverManager - Exporting webdriver.chrome.driver as C:\Users\rajkumar\.m2\repository\webdriver\chromedriver\win32\76.0.3809.126\chromedriver.exe
Starting ChromeDriver 76.0.3809.126 (d80a294506b4c9d18015e755cee48f953ddc3f2f-refs/branch-heads/3809@{#1024}) on port 2502
Only local connections are allowed.
Please protect ports used by ChromeDriver and related test frameworks to prevent access by malicious code.
]]></system-err>
  </testcase>
  <testcase name="landingpageVerification" classname="ca.spinco.SpincoSignUpPageTest" time="0">
    <skipped message="Timed out waiting for driver server to start.&#10;Build info: version: &apos;3.141.5&apos;, revision: &apos;d54ebd709a&apos;, time: &apos;2018-11-06T11:42:16&apos;&#10;System info: host: &apos;ESRPA&apos;, ip: &apos;192.168.0.131&apos;, os.name: &apos;Windows 8.1&apos;, os.arch: &apos;amd64&apos;, os.version: &apos;6.3&apos;, java.version: &apos;1.8.0_211&apos;&#10;Driver info: driver.version: ChromeDriver"/>
  </testcase>
  <testcase name="login_RegisterPageVerification" classname="ca.spinco.SpincoSignUpPageTest" time="0">
    <skipped message="Method SpincoSignUpPageTest.login_RegisterPageVerification()[pri:2, instance:ca.spinco.SpincoSignUpPageTest@1188e820] depends on not successfully finished methods"/>
  </testcase>
  <testcase name="signUp" classname="ca.spinco.SpincoSignUpPageTest" time="0">
    <skipped message="Method SpincoSignUpPageTest.signUp()[pri:3, instance:ca.spinco.SpincoSignUpPageTest@1188e820] depends on not successfully finished methods"/>
  </testcase>
  <testcase name="signIn" classname="ca.spinco.SpincoSignUpPageTest" time="0">
    <skipped message="Method SpincoSignUpPageTest.signIn()[pri:4, instance:ca.spinco.SpincoSignUpPageTest@1188e820] depends on not successfully finished methods"/>
  </testcase>
  <testcase name="tearDown" classname="ca.spinco.SpincoSignUpPageTest" time="0">
    <skipped/>
  </testcase>
</testsuite>